------------------------------------------------------------------------------------------------------------------------

[2020-10-11 12:38:02 #1 store] 
Database 'C:\Users\garci\git\Bets\Bets\resources\bets.temp' is opened by 1392@LAPTOP-8SSA7ME8

[2020-10-11 12:38:02 #2 type.registry] 
New type domain.Categoria

[2020-10-11 12:38:02 #3 type] 
Type domain.Categoria is not enhanced.

[2020-10-11 12:38:02 #4 type.registry] 
New type domain.Event

[2020-10-11 12:38:02 #5 type.registry] 
New type java.util.Vector<domain.Event>

[2020-10-11 12:38:02 #6 type] 
Type domain.Event is not enhanced.

[2020-10-11 12:38:03 #7 type.registry] 
New type domain.Question

[2020-10-11 12:38:03 #8 type.registry] 
New type java.util.Vector<domain.Question>

[2020-10-11 12:38:03 #9 type] 
Type domain.Question is not enhanced.

[2020-10-11 12:38:03 #10 type.registry] 
New type domain.Pronostico

[2020-10-11 12:38:03 #11 type.registry] 
New type java.util.Vector<domain.Pronostico>

[2020-10-11 12:38:03 #12 type] 
Type domain.Pronostico is not enhanced.

[2020-10-11 12:38:03 #13 type.registry] 
New type domain.Usuario

[2020-10-11 12:38:03 #14 type] 
Type domain.Usuario is not enhanced.

[2020-10-11 12:38:03 #15 type.registry] 
New type domain.Mensaje

[2020-10-11 12:38:03 #16 type.registry] 
New type java.util.Vector<domain.Mensaje>

[2020-10-11 12:38:03 #17 type.registry] 
New type domain.Apuestas

[2020-10-11 12:38:03 #18 type.registry] 
New type java.util.Vector<domain.Apuestas>

[2020-10-11 12:38:03 #19 type] 
Type domain.Mensaje is not enhanced.

[2020-10-11 12:38:03 #20 type] 
Type domain.Apuestas is not enhanced.

[2020-10-11 12:38:03 #21 type.registry] 
New type java.util.Vector<java.lang.Object>

------------------------------------------------------------------------------------------------------------------------

[2020-10-11 13:06:59 #1 store] 
Database 'C:\Users\garci\git\Bets\Bets\resources\bets.temp' is opened by 10288@LAPTOP-8SSA7ME8

[2020-10-11 13:06:59 #2 type.registry] 
New type domain.Categoria

[2020-10-11 13:06:59 #3 type] 
Type domain.Categoria is not enhanced.

[2020-10-11 13:06:59 #4 type.registry] 
New type domain.Event

[2020-10-11 13:06:59 #5 type.registry] 
New type java.util.Vector<domain.Event>

[2020-10-11 13:06:59 #6 type] 
Type domain.Event is not enhanced.

[2020-10-11 13:06:59 #7 type.registry] 
New type domain.Question

[2020-10-11 13:06:59 #8 type.registry] 
New type java.util.Vector<domain.Question>

[2020-10-11 13:06:59 #9 type] 
Type domain.Question is not enhanced.

[2020-10-11 13:06:59 #10 type.registry] 
New type domain.Pronostico

[2020-10-11 13:06:59 #11 type.registry] 
New type java.util.Vector<domain.Pronostico>

[2020-10-11 13:06:59 #12 type] 
Type domain.Pronostico is not enhanced.

[2020-10-11 13:06:59 #13 type.registry] 
New type domain.Usuario

[2020-10-11 13:06:59 #14 type] 
Type domain.Usuario is not enhanced.

[2020-10-11 13:06:59 #15 type.registry] 
New type domain.Mensaje

[2020-10-11 13:06:59 #16 type.registry] 
New type java.util.Vector<domain.Mensaje>

[2020-10-11 13:06:59 #17 type.registry] 
New type domain.Apuestas

[2020-10-11 13:06:59 #18 type.registry] 
New type java.util.Vector<domain.Apuestas>

[2020-10-11 13:06:59 #19 type] 
Type domain.Mensaje is not enhanced.

[2020-10-11 13:06:59 #20 type] 
Type domain.Apuestas is not enhanced.

[2020-10-11 13:06:59 #21 type.registry] 
New type java.util.Vector<java.lang.Object>

