------------------------------------------------------------------------------------------------------------------------

[2020-10-10 10:57:45 #1 store] 
Database 'C:\Users\garci\git\Bets\Bets\resources\bets.temp' is opened by 17980@LAPTOP-8SSA7ME8

[2020-10-10 10:57:45 #2 type.registry] 
New type domain.Categoria

[2020-10-10 10:57:45 #3 type] 
Type domain.Categoria is not enhanced.

[2020-10-10 10:57:45 #4 type.registry] 
New type domain.Event

[2020-10-10 10:57:45 #5 type.registry] 
New type java.util.Vector<domain.Event>

[2020-10-10 10:57:45 #6 type] 
Type domain.Event is not enhanced.

[2020-10-10 10:57:45 #7 type.registry] 
New type domain.Question

[2020-10-10 10:57:45 #8 type.registry] 
New type java.util.Vector<domain.Question>

[2020-10-10 10:57:45 #9 type] 
Type domain.Question is not enhanced.

[2020-10-10 10:57:45 #10 type.registry] 
New type domain.Pronostico

[2020-10-10 10:57:45 #11 type.registry] 
New type java.util.Vector<domain.Pronostico>

[2020-10-10 10:57:45 #12 type] 
Type domain.Pronostico is not enhanced.

[2020-10-10 10:57:45 #13 type.registry] 
New type domain.Usuario

[2020-10-10 10:57:45 #14 type] 
Type domain.Usuario is not enhanced.

[2020-10-10 10:57:45 #15 type.registry] 
New type domain.Mensaje

[2020-10-10 10:57:45 #16 type.registry] 
New type java.util.Vector<domain.Mensaje>

[2020-10-10 10:57:45 #17 type.registry] 
New type domain.Apuestas

[2020-10-10 10:57:45 #18 type.registry] 
New type java.util.Vector<domain.Apuestas>

[2020-10-10 10:57:45 #19 type] 
Type domain.Mensaje is not enhanced.

[2020-10-10 10:57:45 #20 type] 
Type domain.Apuestas is not enhanced.

[2020-10-10 10:57:45 #21 type.registry] 
New type java.util.Vector<java.lang.Object>

------------------------------------------------------------------------------------------------------------------------

[2020-10-10 10:58:11 #1 store] 
Database 'C:\Users\garci\git\Bets\Bets\resources\bets.temp' is opened by 16092@LAPTOP-8SSA7ME8

[2020-10-10 10:58:11 #2 type.registry] 
New type domain.Categoria

[2020-10-10 10:58:11 #3 type] 
Type domain.Categoria is not enhanced.

[2020-10-10 10:58:11 #4 type.registry] 
New type domain.Event

[2020-10-10 10:58:11 #5 type.registry] 
New type java.util.Vector<domain.Event>

[2020-10-10 10:58:11 #6 type] 
Type domain.Event is not enhanced.

[2020-10-10 10:58:11 #7 type.registry] 
New type domain.Question

[2020-10-10 10:58:11 #8 type.registry] 
New type java.util.Vector<domain.Question>

[2020-10-10 10:58:11 #9 type] 
Type domain.Question is not enhanced.

[2020-10-10 10:58:11 #10 type.registry] 
New type domain.Pronostico

[2020-10-10 10:58:11 #11 type.registry] 
New type java.util.Vector<domain.Pronostico>

[2020-10-10 10:58:11 #12 type] 
Type domain.Pronostico is not enhanced.

[2020-10-10 10:58:11 #13 type.registry] 
New type domain.Usuario

[2020-10-10 10:58:11 #14 type] 
Type domain.Usuario is not enhanced.

[2020-10-10 10:58:11 #15 type.registry] 
New type domain.Mensaje

[2020-10-10 10:58:11 #16 type.registry] 
New type java.util.Vector<domain.Mensaje>

[2020-10-10 10:58:11 #17 type.registry] 
New type domain.Apuestas

[2020-10-10 10:58:11 #18 type.registry] 
New type java.util.Vector<domain.Apuestas>

[2020-10-10 10:58:11 #19 type] 
Type domain.Mensaje is not enhanced.

[2020-10-10 10:58:11 #20 type] 
Type domain.Apuestas is not enhanced.

[2020-10-10 10:58:11 #21 type.registry] 
New type java.util.Vector<java.lang.Object>

------------------------------------------------------------------------------------------------------------------------

[2020-10-10 18:40:20 #1 store] 
Database 'C:\Users\garci\git\Bets\Bets\resources\bets.temp' is opened by 12600@LAPTOP-8SSA7ME8

[2020-10-10 18:40:20 #2 type.registry] 
New type domain.Categoria

[2020-10-10 18:40:20 #3 type] 
Type domain.Categoria is not enhanced.

[2020-10-10 18:40:20 #4 type.registry] 
New type domain.Event

[2020-10-10 18:40:20 #5 type.registry] 
New type java.util.Vector<domain.Event>

[2020-10-10 18:40:20 #6 type] 
Type domain.Event is not enhanced.

[2020-10-10 18:40:20 #7 type.registry] 
New type domain.Question

[2020-10-10 18:40:20 #8 type.registry] 
New type java.util.Vector<domain.Question>

[2020-10-10 18:40:20 #9 type] 
Type domain.Question is not enhanced.

[2020-10-10 18:40:20 #10 type.registry] 
New type domain.Pronostico

[2020-10-10 18:40:20 #11 type.registry] 
New type java.util.Vector<domain.Pronostico>

[2020-10-10 18:40:20 #12 type] 
Type domain.Pronostico is not enhanced.

[2020-10-10 18:40:20 #13 type.registry] 
New type domain.Usuario

[2020-10-10 18:40:20 #14 type] 
Type domain.Usuario is not enhanced.

[2020-10-10 18:40:20 #15 type.registry] 
New type domain.Mensaje

[2020-10-10 18:40:20 #16 type.registry] 
New type java.util.Vector<domain.Mensaje>

[2020-10-10 18:40:20 #17 type.registry] 
New type domain.Apuestas

[2020-10-10 18:40:20 #18 type.registry] 
New type java.util.Vector<domain.Apuestas>

[2020-10-10 18:40:20 #19 type] 
Type domain.Mensaje is not enhanced.

[2020-10-10 18:40:20 #20 type] 
Type domain.Apuestas is not enhanced.

[2020-10-10 18:40:20 #21 type.registry] 
New type java.util.Vector<java.lang.Object>

------------------------------------------------------------------------------------------------------------------------

[2020-10-10 18:41:05 #1 store] 
Database 'C:\Users\garci\git\Bets\Bets\resources\bets.temp' is opened by 10616@LAPTOP-8SSA7ME8

[2020-10-10 18:41:05 #2 type.registry] 
New type domain.Categoria

[2020-10-10 18:41:05 #3 type] 
Type domain.Categoria is not enhanced.

[2020-10-10 18:41:05 #4 type.registry] 
New type domain.Event

[2020-10-10 18:41:05 #5 type.registry] 
New type java.util.Vector<domain.Event>

[2020-10-10 18:41:05 #6 type] 
Type domain.Event is not enhanced.

[2020-10-10 18:41:05 #7 type.registry] 
New type domain.Question

[2020-10-10 18:41:05 #8 type.registry] 
New type java.util.Vector<domain.Question>

[2020-10-10 18:41:05 #9 type] 
Type domain.Question is not enhanced.

[2020-10-10 18:41:05 #10 type.registry] 
New type domain.Pronostico

[2020-10-10 18:41:05 #11 type.registry] 
New type java.util.Vector<domain.Pronostico>

[2020-10-10 18:41:05 #12 type] 
Type domain.Pronostico is not enhanced.

[2020-10-10 18:41:05 #13 type.registry] 
New type domain.Usuario

[2020-10-10 18:41:05 #14 type] 
Type domain.Usuario is not enhanced.

[2020-10-10 18:41:05 #15 type.registry] 
New type domain.Mensaje

[2020-10-10 18:41:05 #16 type.registry] 
New type java.util.Vector<domain.Mensaje>

[2020-10-10 18:41:05 #17 type.registry] 
New type domain.Apuestas

[2020-10-10 18:41:05 #18 type.registry] 
New type java.util.Vector<domain.Apuestas>

[2020-10-10 18:41:05 #19 type] 
Type domain.Mensaje is not enhanced.

[2020-10-10 18:41:05 #20 type] 
Type domain.Apuestas is not enhanced.

[2020-10-10 18:41:05 #21 type.registry] 
New type java.util.Vector<java.lang.Object>

------------------------------------------------------------------------------------------------------------------------

[2020-10-10 19:09:20 #1 store] 
Database 'C:\Users\garci\git\Bets\Bets\resources\bets.temp' is opened by 13520@LAPTOP-8SSA7ME8

[2020-10-10 19:09:20 #2 type.registry] 
New type domain.Categoria

[2020-10-10 19:09:20 #3 type] 
Type domain.Categoria is not enhanced.

[2020-10-10 19:09:20 #4 type.registry] 
New type domain.Event

[2020-10-10 19:09:20 #5 type.registry] 
New type java.util.Vector<domain.Event>

[2020-10-10 19:09:20 #6 type] 
Type domain.Event is not enhanced.

[2020-10-10 19:09:20 #7 type.registry] 
New type domain.Question

[2020-10-10 19:09:20 #8 type.registry] 
New type java.util.Vector<domain.Question>

[2020-10-10 19:09:20 #9 type] 
Type domain.Question is not enhanced.

[2020-10-10 19:09:20 #10 type.registry] 
New type domain.Pronostico

[2020-10-10 19:09:20 #11 type.registry] 
New type java.util.Vector<domain.Pronostico>

[2020-10-10 19:09:20 #12 type] 
Type domain.Pronostico is not enhanced.

[2020-10-10 19:09:20 #13 type.registry] 
New type domain.Usuario

[2020-10-10 19:09:20 #14 type] 
Type domain.Usuario is not enhanced.

[2020-10-10 19:09:20 #15 type.registry] 
New type domain.Mensaje

[2020-10-10 19:09:20 #16 type.registry] 
New type java.util.Vector<domain.Mensaje>

[2020-10-10 19:09:20 #17 type.registry] 
New type domain.Apuestas

[2020-10-10 19:09:20 #18 type.registry] 
New type java.util.Vector<domain.Apuestas>

[2020-10-10 19:09:20 #19 type] 
Type domain.Mensaje is not enhanced.

[2020-10-10 19:09:20 #20 type] 
Type domain.Apuestas is not enhanced.

[2020-10-10 19:09:20 #21 type.registry] 
New type java.util.Vector<java.lang.Object>

------------------------------------------------------------------------------------------------------------------------

[2020-10-10 19:28:14 #1 store] 
Database 'C:\Users\garci\git\Bets\Bets\resources\bets.temp' is opened by 6284@LAPTOP-8SSA7ME8

[2020-10-10 19:28:15 #2 type.registry] 
New type domain.Categoria

[2020-10-10 19:28:15 #3 type] 
Type domain.Categoria is not enhanced.

[2020-10-10 19:28:15 #4 type.registry] 
New type domain.Event

[2020-10-10 19:28:15 #5 type.registry] 
New type java.util.Vector<domain.Event>

[2020-10-10 19:28:15 #6 type] 
Type domain.Event is not enhanced.

[2020-10-10 19:28:15 #7 type.registry] 
New type domain.Question

[2020-10-10 19:28:15 #8 type.registry] 
New type java.util.Vector<domain.Question>

[2020-10-10 19:28:15 #9 type] 
Type domain.Question is not enhanced.

[2020-10-10 19:28:15 #10 type.registry] 
New type domain.Pronostico

[2020-10-10 19:28:15 #11 type.registry] 
New type java.util.Vector<domain.Pronostico>

[2020-10-10 19:28:15 #12 type] 
Type domain.Pronostico is not enhanced.

[2020-10-10 19:28:15 #13 type.registry] 
New type domain.Usuario

[2020-10-10 19:28:15 #14 type] 
Type domain.Usuario is not enhanced.

[2020-10-10 19:28:15 #15 type.registry] 
New type domain.Mensaje

[2020-10-10 19:28:15 #16 type.registry] 
New type java.util.Vector<domain.Mensaje>

[2020-10-10 19:28:15 #17 type.registry] 
New type domain.Apuestas

[2020-10-10 19:28:15 #18 type.registry] 
New type java.util.Vector<domain.Apuestas>

[2020-10-10 19:28:15 #19 type] 
Type domain.Mensaje is not enhanced.

[2020-10-10 19:28:15 #20 type] 
Type domain.Apuestas is not enhanced.

[2020-10-10 19:28:15 #21 type.registry] 
New type java.util.Vector<java.lang.Object>

------------------------------------------------------------------------------------------------------------------------

[2020-10-10 19:57:06 #1 store] 
Database 'C:\Users\garci\git\Bets\Bets\resources\bets.temp' is opened by 4456@LAPTOP-8SSA7ME8

[2020-10-10 19:57:06 #2 type.registry] 
New type domain.Categoria

[2020-10-10 19:57:06 #3 type] 
Type domain.Categoria is not enhanced.

[2020-10-10 19:57:06 #4 type.registry] 
New type domain.Event

[2020-10-10 19:57:06 #5 type.registry] 
New type java.util.Vector<domain.Event>

[2020-10-10 19:57:06 #6 type] 
Type domain.Event is not enhanced.

[2020-10-10 19:57:06 #7 type.registry] 
New type domain.Question

[2020-10-10 19:57:06 #8 type.registry] 
New type java.util.Vector<domain.Question>

[2020-10-10 19:57:06 #9 type] 
Type domain.Question is not enhanced.

[2020-10-10 19:57:06 #10 type.registry] 
New type domain.Pronostico

[2020-10-10 19:57:06 #11 type.registry] 
New type java.util.Vector<domain.Pronostico>

[2020-10-10 19:57:06 #12 type] 
Type domain.Pronostico is not enhanced.

[2020-10-10 19:57:06 #13 type.registry] 
New type domain.Usuario

[2020-10-10 19:57:06 #14 type] 
Type domain.Usuario is not enhanced.

[2020-10-10 19:57:06 #15 type.registry] 
New type domain.Mensaje

[2020-10-10 19:57:06 #16 type.registry] 
New type java.util.Vector<domain.Mensaje>

[2020-10-10 19:57:06 #17 type.registry] 
New type domain.Apuestas

[2020-10-10 19:57:06 #18 type.registry] 
New type java.util.Vector<domain.Apuestas>

[2020-10-10 19:57:06 #19 type] 
Type domain.Mensaje is not enhanced.

[2020-10-10 19:57:06 #20 type] 
Type domain.Apuestas is not enhanced.

[2020-10-10 19:57:06 #21 type.registry] 
New type java.util.Vector<java.lang.Object>

------------------------------------------------------------------------------------------------------------------------

[2020-10-10 20:03:58 #1 store] 
Database 'C:\Users\garci\git\Bets\Bets\resources\bets.temp' is opened by 17112@LAPTOP-8SSA7ME8

[2020-10-10 20:03:58 #2 type.registry] 
New type domain.Event

[2020-10-10 20:03:58 #3 type] 
Type domain.Event is not enhanced.

[2020-10-10 20:03:58 #4 type.registry] 
New type domain.Categoria

[2020-10-10 20:03:58 #5 type.registry] 
New type domain.Question

[2020-10-10 20:03:58 #6 type.registry] 
New type java.util.Vector<domain.Question>

[2020-10-10 20:03:58 #7 type] 
Type domain.Categoria is not enhanced.

[2020-10-10 20:03:58 #8 type.registry] 
New type java.util.Vector<domain.Event>

[2020-10-10 20:03:58 #9 type] 
Type domain.Question is not enhanced.

[2020-10-10 20:03:58 #10 type.registry] 
New type domain.Pronostico

[2020-10-10 20:03:58 #11 type.registry] 
New type java.util.Vector<domain.Pronostico>

[2020-10-10 20:03:58 #12 type] 
Type domain.Pronostico is not enhanced.

[2020-10-10 20:03:58 #13 type.registry] 
New type java.util.Vector<java.lang.Object>

[2020-10-10 20:03:59 #14 type.registry] 
New type domain.Usuario

[2020-10-10 20:03:59 #15 type] 
Type domain.Usuario is not enhanced.

[2020-10-10 20:03:59 #16 type.registry] 
New type domain.Mensaje

[2020-10-10 20:03:59 #17 type.registry] 
New type java.util.Vector<domain.Mensaje>

[2020-10-10 20:03:59 #18 type.registry] 
New type domain.Apuestas

[2020-10-10 20:03:59 #19 type.registry] 
New type java.util.Vector<domain.Apuestas>

[2020-10-10 20:03:59 #20 type] 
Type domain.Mensaje is not enhanced.

[2020-10-10 20:03:59 #21 type] 
Type domain.Apuestas is not enhanced.

------------------------------------------------------------------------------------------------------------------------

[2020-10-10 20:08:39 #1 store] 
Database 'C:\Users\garci\git\Bets\Bets\resources\bets.temp' is opened by 1488@LAPTOP-8SSA7ME8

[2020-10-10 20:08:39 #2 type.registry] 
New type domain.Event

[2020-10-10 20:08:39 #3 type] 
Type domain.Event is not enhanced.

[2020-10-10 20:08:39 #4 type.registry] 
New type domain.Categoria

[2020-10-10 20:08:39 #5 type.registry] 
New type domain.Question

[2020-10-10 20:08:39 #6 type.registry] 
New type java.util.Vector<domain.Question>

[2020-10-10 20:08:39 #7 type] 
Type domain.Categoria is not enhanced.

[2020-10-10 20:08:39 #8 type.registry] 
New type java.util.Vector<domain.Event>

[2020-10-10 20:08:39 #9 type] 
Type domain.Question is not enhanced.

[2020-10-10 20:08:39 #10 type.registry] 
New type domain.Pronostico

[2020-10-10 20:08:39 #11 type.registry] 
New type java.util.Vector<domain.Pronostico>

[2020-10-10 20:08:39 #12 type] 
Type domain.Pronostico is not enhanced.

[2020-10-10 20:08:39 #13 type.registry] 
New type java.util.Vector<java.lang.Object>

[2020-10-10 20:08:39 #14 type.registry] 
New type domain.Usuario

[2020-10-10 20:08:39 #15 type] 
Type domain.Usuario is not enhanced.

[2020-10-10 20:08:39 #16 type.registry] 
New type domain.Mensaje

[2020-10-10 20:08:39 #17 type.registry] 
New type java.util.Vector<domain.Mensaje>

[2020-10-10 20:08:39 #18 type.registry] 
New type domain.Apuestas

[2020-10-10 20:08:39 #19 type.registry] 
New type java.util.Vector<domain.Apuestas>

[2020-10-10 20:08:39 #20 type] 
Type domain.Mensaje is not enhanced.

[2020-10-10 20:08:39 #21 type] 
Type domain.Apuestas is not enhanced.

------------------------------------------------------------------------------------------------------------------------

[2020-10-10 20:08:43 #1 store] 
Database 'C:\Users\garci\git\Bets\Bets\resources\bets.temp' is opened by 14084@LAPTOP-8SSA7ME8

[2020-10-10 20:08:43 #2 type.registry] 
New type domain.Categoria

[2020-10-10 20:08:43 #3 type] 
Type domain.Categoria is not enhanced.

[2020-10-10 20:08:43 #4 type.registry] 
New type domain.Event

[2020-10-10 20:08:43 #5 type.registry] 
New type java.util.Vector<domain.Event>

[2020-10-10 20:08:43 #6 type] 
Type domain.Event is not enhanced.

[2020-10-10 20:08:43 #7 type.registry] 
New type domain.Question

[2020-10-10 20:08:43 #8 type.registry] 
New type java.util.Vector<domain.Question>

[2020-10-10 20:08:43 #9 type] 
Type domain.Question is not enhanced.

[2020-10-10 20:08:43 #10 type.registry] 
New type domain.Pronostico

[2020-10-10 20:08:43 #11 type.registry] 
New type java.util.Vector<domain.Pronostico>

[2020-10-10 20:08:43 #12 type] 
Type domain.Pronostico is not enhanced.

[2020-10-10 20:08:43 #13 type.registry] 
New type domain.Usuario

[2020-10-10 20:08:43 #14 type] 
Type domain.Usuario is not enhanced.

[2020-10-10 20:08:43 #15 type.registry] 
New type domain.Mensaje

[2020-10-10 20:08:43 #16 type.registry] 
New type java.util.Vector<domain.Mensaje>

[2020-10-10 20:08:43 #17 type.registry] 
New type domain.Apuestas

[2020-10-10 20:08:43 #18 type.registry] 
New type java.util.Vector<domain.Apuestas>

[2020-10-10 20:08:43 #19 type] 
Type domain.Mensaje is not enhanced.

[2020-10-10 20:08:43 #20 type] 
Type domain.Apuestas is not enhanced.

[2020-10-10 20:08:43 #21 type.registry] 
New type java.util.Vector<java.lang.Object>

------------------------------------------------------------------------------------------------------------------------

[2020-10-10 20:16:15 #1 store] 
Database 'C:\Users\garci\git\Bets\Bets\resources\bets.temp' is opened by 5056@LAPTOP-8SSA7ME8

[2020-10-10 20:16:15 #2 type.registry] 
New type domain.Categoria

[2020-10-10 20:16:15 #3 type] 
Type domain.Categoria is not enhanced.

[2020-10-10 20:16:15 #4 type.registry] 
New type domain.Event

[2020-10-10 20:16:15 #5 type.registry] 
New type java.util.Vector<domain.Event>

[2020-10-10 20:16:15 #6 type] 
Type domain.Event is not enhanced.

[2020-10-10 20:16:15 #7 type.registry] 
New type domain.Question

[2020-10-10 20:16:15 #8 type.registry] 
New type java.util.Vector<domain.Question>

[2020-10-10 20:16:15 #9 type] 
Type domain.Question is not enhanced.

[2020-10-10 20:16:15 #10 type.registry] 
New type domain.Pronostico

[2020-10-10 20:16:15 #11 type.registry] 
New type java.util.Vector<domain.Pronostico>

[2020-10-10 20:16:15 #12 type] 
Type domain.Pronostico is not enhanced.

[2020-10-10 20:16:15 #13 type.registry] 
New type domain.Usuario

[2020-10-10 20:16:15 #14 type] 
Type domain.Usuario is not enhanced.

[2020-10-10 20:16:15 #15 type.registry] 
New type domain.Mensaje

[2020-10-10 20:16:15 #16 type.registry] 
New type java.util.Vector<domain.Mensaje>

[2020-10-10 20:16:15 #17 type.registry] 
New type domain.Apuestas

[2020-10-10 20:16:15 #18 type.registry] 
New type java.util.Vector<domain.Apuestas>

[2020-10-10 20:16:15 #19 type] 
Type domain.Mensaje is not enhanced.

[2020-10-10 20:16:15 #20 type] 
Type domain.Apuestas is not enhanced.

[2020-10-10 20:16:15 #21 type.registry] 
New type java.util.Vector<java.lang.Object>

------------------------------------------------------------------------------------------------------------------------

[2020-10-10 20:28:50 #1 store] 
Database 'C:\Users\garci\git\Bets\Bets\resources\bets.temp' is opened by 18048@LAPTOP-8SSA7ME8

[2020-10-10 20:28:50 #2 type.registry] 
New type domain.Categoria

[2020-10-10 20:28:50 #3 type] 
Type domain.Categoria is not enhanced.

[2020-10-10 20:28:50 #4 type.registry] 
New type domain.Event

[2020-10-10 20:28:50 #5 type.registry] 
New type java.util.Vector<domain.Event>

[2020-10-10 20:28:50 #6 type] 
Type domain.Event is not enhanced.

[2020-10-10 20:28:50 #7 type.registry] 
New type domain.Question

[2020-10-10 20:28:50 #8 type.registry] 
New type java.util.Vector<domain.Question>

[2020-10-10 20:28:50 #9 type] 
Type domain.Question is not enhanced.

[2020-10-10 20:28:50 #10 type.registry] 
New type domain.Pronostico

[2020-10-10 20:28:50 #11 type.registry] 
New type java.util.Vector<domain.Pronostico>

[2020-10-10 20:28:51 #12 type] 
Type domain.Pronostico is not enhanced.

[2020-10-10 20:28:51 #13 type.registry] 
New type domain.Usuario

[2020-10-10 20:28:51 #14 type] 
Type domain.Usuario is not enhanced.

[2020-10-10 20:28:51 #15 type.registry] 
New type domain.Mensaje

[2020-10-10 20:28:51 #16 type.registry] 
New type java.util.Vector<domain.Mensaje>

[2020-10-10 20:28:51 #17 type.registry] 
New type domain.Apuestas

[2020-10-10 20:28:51 #18 type.registry] 
New type java.util.Vector<domain.Apuestas>

[2020-10-10 20:28:51 #19 type] 
Type domain.Mensaje is not enhanced.

[2020-10-10 20:28:51 #20 type] 
Type domain.Apuestas is not enhanced.

[2020-10-10 20:28:51 #21 type.registry] 
New type java.util.Vector<java.lang.Object>

